Parser Options
  Input file: /tmp/pov32366.pov (compatible to version 3.70)
  Remove bounds........On 
  Split unions.........Off
  Library paths:
    /usr/share/povray-3.7/include
  Clock value:    0.000  (Animation off)
Image Output Options
  Image resolution.....512 by 512 (rows 1 to 512, columns 1 to 512).
  Output file: Disabled
  Graphic display......Off
  Mosaic preview.......Off
  Continued trace......Off
Information Output Options
  All Streams to console..........On 
  Debug Stream to console.........On 
  Fatal Stream to console.........On 
  Render Stream to console........On 
  Statistics Stream to console....On 
  Warning Stream to console.......On 


 Building mesh2: 
   - vertex_vectors
   - normal_vectors
   - uv_vectors
   - face_indices
----------------------------------------------------------------------------
Parser Statistics
----------------------------------------------------------------------------
Finite Objects:          175
Infinite Objects:          3
Light Sources:             2
Total:                   180
----------------------------------------------------------------------------
Parser Time
  Parse Time:       0 hours  0 minutes  0 seconds (0.462 seconds)
              using 1 thread(s) with 0.429 CPU-seconds total
  Bounding Time:    0 hours  0 minutes  0 seconds (0.000 seconds)
              using 1 thread(s) with 0.000 CPU-seconds total
----------------------------------------------------------------------------
Render Options
  Quality:  9
  Bounding boxes.......On   Bounding threshold: 3
  Antialiasing.........On  (Method 1, Threshold 0.300, Depth 3, Jitter 0.30,
 Gamma 2.50)
